Analysis & Synthesis report for timer_top
Sat Oct 15 11:02:53 2022
Quartus Prime Version 18.1.0 Build 625 09/12/2018 SJ Lite Edition


---------------------
; Table of Contents ;
---------------------
  1. Legal Notice
  2. Analysis & Synthesis Summary
  3. Analysis & Synthesis Settings
  4. Parallel Compilation
  5. Analysis & Synthesis Source Files Read
  6. Analysis & Synthesis Resource Usage Summary
  7. Analysis & Synthesis Resource Utilization by Entity
  8. General Register Statistics
  9. Multiplexer Restructuring Statistics (Restructuring Performed)
 10. Parameter Settings for User Entity Instance: timer_top:u1|decodificador:decod_s
 11. Parameter Settings for User Entity Instance: timer_top:u1|decodificador:decod_m
 12. Parameter Settings for User Entity Instance: timer_top:u1|decodificador:decod_h
 13. Parameter Settings for User Entity Instance: timer_top:u1|timer:timer_0
 14. Parameter Settings for Inferred Entity Instance: timer_top:u1|decodificador:decod_s|lpm_divide:Mod0
 15. Parameter Settings for Inferred Entity Instance: timer_top:u1|decodificador:decod_s|lpm_divide:Div0
 16. Parameter Settings for Inferred Entity Instance: timer_top:u1|decodificador:decod_m|lpm_divide:Mod0
 17. Parameter Settings for Inferred Entity Instance: timer_top:u1|decodificador:decod_m|lpm_divide:Div0
 18. Parameter Settings for Inferred Entity Instance: timer_top:u1|decodificador:decod_h|lpm_divide:Mod0
 19. Parameter Settings for Inferred Entity Instance: timer_top:u1|decodificador:decod_h|lpm_divide:Div0
 20. Port Connectivity Checks: "timer_top:u1|timer:timer_0"
 21. Post-Synthesis Netlist Statistics for Top Partition
 22. Elapsed Time Per Partition
 23. Analysis & Synthesis Messages



----------------
; Legal Notice ;
----------------
Copyright (C) 2018  Intel Corporation. All rights reserved.
Your use of Intel Corporation's design tools, logic functions 
and other software and tools, and its AMPP partner logic 
functions, and any output files from any of the foregoing 
(including device programming or simulation files), and any 
associated documentation or information are expressly subject 
to the terms and conditions of the Intel Program License 
Subscription Agreement, the Intel Quartus Prime License Agreement,
the Intel FPGA IP License Agreement, or other applicable license
agreement, including, without limitation, that your use is for
the sole purpose of programming logic devices manufactured by
Intel and sold by Intel or its authorized distributors.  Please
refer to the applicable agreement for further details.



+----------------------------------------------------------------------------------+
; Analysis & Synthesis Summary                                                     ;
+------------------------------------+---------------------------------------------+
; Analysis & Synthesis Status        ; Successful - Sat Oct 15 11:02:53 2022       ;
; Quartus Prime Version              ; 18.1.0 Build 625 09/12/2018 SJ Lite Edition ;
; Revision Name                      ; timer_top                                   ;
; Top-level Entity Name              ; DE10_LITE_Golden_Top                        ;
; Family                             ; MAX 10                                      ;
; Total logic elements               ; 325                                         ;
;     Total combinational functions  ; 325                                         ;
;     Dedicated logic registers      ; 44                                          ;
; Total registers                    ; 44                                          ;
; Total pins                         ; 185                                         ;
; Total virtual pins                 ; 0                                           ;
; Total memory bits                  ; 0                                           ;
; Embedded Multiplier 9-bit elements ; 0                                           ;
; Total PLLs                         ; 0                                           ;
; UFM blocks                         ; 0                                           ;
; ADC blocks                         ; 0                                           ;
+------------------------------------+---------------------------------------------+


+--------------------------------------------------------------------------------------------------------------+
; Analysis & Synthesis Settings                                                                                ;
+------------------------------------------------------------------+----------------------+--------------------+
; Option                                                           ; Setting              ; Default Value      ;
+------------------------------------------------------------------+----------------------+--------------------+
; Device                                                           ; 10M50DAF484C6GES     ;                    ;
; Top-level entity name                                            ; DE10_LITE_Golden_Top ; timer_top          ;
; Family name                                                      ; MAX 10               ; Cyclone V          ;
; Use smart compilation                                            ; Off                  ; Off                ;
; Enable parallel Assembler and Timing Analyzer during compilation ; On                   ; On                 ;
; Enable compact report table                                      ; Off                  ; Off                ;
; Restructure Multiplexers                                         ; Auto                 ; Auto               ;
; Create Debugging Nodes for IP Cores                              ; Off                  ; Off                ;
; Preserve fewer node names                                        ; On                   ; On                 ;
; Intel FPGA IP Evaluation Mode                                    ; Enable               ; Enable             ;
; Verilog Version                                                  ; Verilog_2001         ; Verilog_2001       ;
; VHDL Version                                                     ; VHDL_1993            ; VHDL_1993          ;
; State Machine Processing                                         ; Auto                 ; Auto               ;
; Safe State Machine                                               ; Off                  ; Off                ;
; Extract Verilog State Machines                                   ; On                   ; On                 ;
; Extract VHDL State Machines                                      ; On                   ; On                 ;
; Ignore Verilog initial constructs                                ; Off                  ; Off                ;
; Iteration limit for constant Verilog loops                       ; 5000                 ; 5000               ;
; Iteration limit for non-constant Verilog loops                   ; 250                  ; 250                ;
; Add Pass-Through Logic to Inferred RAMs                          ; On                   ; On                 ;
; Infer RAMs from Raw Logic                                        ; On                   ; On                 ;
; Parallel Synthesis                                               ; On                   ; On                 ;
; DSP Block Balancing                                              ; Auto                 ; Auto               ;
; NOT Gate Push-Back                                               ; On                   ; On                 ;
; Power-Up Don't Care                                              ; On                   ; On                 ;
; Remove Redundant Logic Cells                                     ; Off                  ; Off                ;
; Remove Duplicate Registers                                       ; On                   ; On                 ;
; Ignore CARRY Buffers                                             ; Off                  ; Off                ;
; Ignore CASCADE Buffers                                           ; Off                  ; Off                ;
; Ignore GLOBAL Buffers                                            ; Off                  ; Off                ;
; Ignore ROW GLOBAL Buffers                                        ; Off                  ; Off                ;
; Ignore LCELL Buffers                                             ; Off                  ; Off                ;
; Ignore SOFT Buffers                                              ; On                   ; On                 ;
; Limit AHDL Integers to 32 Bits                                   ; Off                  ; Off                ;
; Optimization Technique                                           ; Balanced             ; Balanced           ;
; Carry Chain Length                                               ; 70                   ; 70                 ;
; Auto Carry Chains                                                ; On                   ; On                 ;
; Auto Open-Drain Pins                                             ; On                   ; On                 ;
; Perform WYSIWYG Primitive Resynthesis                            ; Off                  ; Off                ;
; Auto ROM Replacement                                             ; On                   ; On                 ;
; Auto RAM Replacement                                             ; On                   ; On                 ;
; Auto DSP Block Replacement                                       ; On                   ; On                 ;
; Auto Shift Register Replacement                                  ; Auto                 ; Auto               ;
; Allow Shift Register Merging across Hierarchies                  ; Auto                 ; Auto               ;
; Auto Clock Enable Replacement                                    ; On                   ; On                 ;
; Strict RAM Replacement                                           ; Off                  ; Off                ;
; Allow Synchronous Control Signals                                ; On                   ; On                 ;
; Force Use of Synchronous Clear Signals                           ; Off                  ; Off                ;
; Auto RAM Block Balancing                                         ; On                   ; On                 ;
; Auto RAM to Logic Cell Conversion                                ; Off                  ; Off                ;
; Auto Resource Sharing                                            ; Off                  ; Off                ;
; Allow Any RAM Size For Recognition                               ; Off                  ; Off                ;
; Allow Any ROM Size For Recognition                               ; Off                  ; Off                ;
; Allow Any Shift Register Size For Recognition                    ; Off                  ; Off                ;
; Use LogicLock Constraints during Resource Balancing              ; On                   ; On                 ;
; Ignore translate_off and synthesis_off directives                ; Off                  ; Off                ;
; Timing-Driven Synthesis                                          ; On                   ; On                 ;
; Report Parameter Settings                                        ; On                   ; On                 ;
; Report Source Assignments                                        ; On                   ; On                 ;
; Report Connectivity Checks                                       ; On                   ; On                 ;
; Ignore Maximum Fan-Out Assignments                               ; Off                  ; Off                ;
; Synchronization Register Chain Length                            ; 2                    ; 2                  ;
; Power Optimization During Synthesis                              ; Normal compilation   ; Normal compilation ;
; HDL message level                                                ; Level2               ; Level2             ;
; Suppress Register Optimization Related Messages                  ; Off                  ; Off                ;
; Number of Removed Registers Reported in Synthesis Report         ; 5000                 ; 5000               ;
; Number of Swept Nodes Reported in Synthesis Report               ; 5000                 ; 5000               ;
; Number of Inverted Registers Reported in Synthesis Report        ; 100                  ; 100                ;
; Clock MUX Protection                                             ; On                   ; On                 ;
; Auto Gated Clock Conversion                                      ; Off                  ; Off                ;
; Block Design Naming                                              ; Auto                 ; Auto               ;
; SDC constraint protection                                        ; Off                  ; Off                ;
; Synthesis Effort                                                 ; Auto                 ; Auto               ;
; Shift Register Replacement - Allow Asynchronous Clear Signal     ; On                   ; On                 ;
; Pre-Mapping Resynthesis Optimization                             ; Off                  ; Off                ;
; Analysis & Synthesis Message Level                               ; Medium               ; Medium             ;
; Disable Register Merging Across Hierarchies                      ; Auto                 ; Auto               ;
; Resource Aware Inference For Block RAM                           ; On                   ; On                 ;
+------------------------------------------------------------------+----------------------+--------------------+


+------------------------------------------+
; Parallel Compilation                     ;
+----------------------------+-------------+
; Processors                 ; Number      ;
+----------------------------+-------------+
; Number detected on machine ; 24          ;
; Maximum allowed            ; 16          ;
;                            ;             ;
; Average used               ; 1.00        ;
; Maximum used               ; 16          ;
;                            ;             ;
; Usage by Processor         ; % Time Used ;
;     Processor 1            ; 100.0%      ;
;     Processors 2-16        ;   0.0%      ;
+----------------------------+-------------+


+--------------------------------------------------------------------------------------------------------------------------------------------------------------------------+
; Analysis & Synthesis Source Files Read                                                                                                                                   ;
+----------------------------------+-----------------+------------------------------+----------------------------------------------------------------------------+---------+
; File Name with User-Entered Path ; Used in Netlist ; File Type                    ; File Name with Absolute Path                                               ; Library ;
+----------------------------------+-----------------+------------------------------+----------------------------------------------------------------------------+---------+
; timer_top.vhd                    ; yes             ; User VHDL File               ; D:/Repos/vhdl_timer/timer_top.vhd                                          ;         ;
; timer.vhd                        ; yes             ; User VHDL File               ; D:/Repos/vhdl_timer/timer.vhd                                              ;         ;
; decodificador.vhd                ; yes             ; User VHDL File               ; D:/Repos/vhdl_timer/decodificador.vhd                                      ;         ;
; DE10_LITE_Golden_Top.v           ; yes             ; User Verilog HDL File        ; D:/Repos/vhdl_timer/DE10_LITE_Golden_Top.v                                 ;         ;
; lpm_divide.tdf                   ; yes             ; Megafunction                 ; c:/intelfpga_lite/18.1/quartus/libraries/megafunctions/lpm_divide.tdf      ;         ;
; abs_divider.inc                  ; yes             ; Megafunction                 ; c:/intelfpga_lite/18.1/quartus/libraries/megafunctions/abs_divider.inc     ;         ;
; sign_div_unsign.inc              ; yes             ; Megafunction                 ; c:/intelfpga_lite/18.1/quartus/libraries/megafunctions/sign_div_unsign.inc ;         ;
; aglobal181.inc                   ; yes             ; Megafunction                 ; c:/intelfpga_lite/18.1/quartus/libraries/megafunctions/aglobal181.inc      ;         ;
; db/lpm_divide_ckl.tdf            ; yes             ; Auto-Generated Megafunction  ; D:/Repos/vhdl_timer/db/lpm_divide_ckl.tdf                                  ;         ;
; db/sign_div_unsign_bkh.tdf       ; yes             ; Auto-Generated Megafunction  ; D:/Repos/vhdl_timer/db/sign_div_unsign_bkh.tdf                             ;         ;
; db/alt_u_div_0fe.tdf             ; yes             ; Auto-Generated Megafunction  ; D:/Repos/vhdl_timer/db/alt_u_div_0fe.tdf                                   ;         ;
; db/add_sub_t3c.tdf               ; yes             ; Auto-Generated Megafunction  ; D:/Repos/vhdl_timer/db/add_sub_t3c.tdf                                     ;         ;
; db/add_sub_u3c.tdf               ; yes             ; Auto-Generated Megafunction  ; D:/Repos/vhdl_timer/db/add_sub_u3c.tdf                                     ;         ;
; db/lpm_divide_7sl.tdf            ; yes             ; Auto-Generated Megafunction  ; D:/Repos/vhdl_timer/db/lpm_divide_7sl.tdf                                  ;         ;
; db/sign_div_unsign_9kh.tdf       ; yes             ; Auto-Generated Megafunction  ; D:/Repos/vhdl_timer/db/sign_div_unsign_9kh.tdf                             ;         ;
; db/alt_u_div_see.tdf             ; yes             ; Auto-Generated Megafunction  ; D:/Repos/vhdl_timer/db/alt_u_div_see.tdf                                   ;         ;
; db/lpm_divide_akl.tdf            ; yes             ; Auto-Generated Megafunction  ; D:/Repos/vhdl_timer/db/lpm_divide_akl.tdf                                  ;         ;
; db/sign_div_unsign_akh.tdf       ; yes             ; Auto-Generated Megafunction  ; D:/Repos/vhdl_timer/db/sign_div_unsign_akh.tdf                             ;         ;
; db/alt_u_div_tee.tdf             ; yes             ; Auto-Generated Megafunction  ; D:/Repos/vhdl_timer/db/alt_u_div_tee.tdf                                   ;         ;
; db/lpm_divide_6sl.tdf            ; yes             ; Auto-Generated Megafunction  ; D:/Repos/vhdl_timer/db/lpm_divide_6sl.tdf                                  ;         ;
; db/sign_div_unsign_8kh.tdf       ; yes             ; Auto-Generated Megafunction  ; D:/Repos/vhdl_timer/db/sign_div_unsign_8kh.tdf                             ;         ;
; db/alt_u_div_qee.tdf             ; yes             ; Auto-Generated Megafunction  ; D:/Repos/vhdl_timer/db/alt_u_div_qee.tdf                                   ;         ;
+----------------------------------+-----------------+------------------------------+----------------------------------------------------------------------------+---------+


+-------------------------------------------------------------------+
; Analysis & Synthesis Resource Usage Summary                       ;
+---------------------------------------------+---------------------+
; Resource                                    ; Usage               ;
+---------------------------------------------+---------------------+
; Estimated Total logic elements              ; 325                 ;
;                                             ;                     ;
; Total combinational functions               ; 325                 ;
; Logic element usage by number of LUT inputs ;                     ;
;     -- 4 input functions                    ; 77                  ;
;     -- 3 input functions                    ; 59                  ;
;     -- <=2 input functions                  ; 189                 ;
;                                             ;                     ;
; Logic elements by mode                      ;                     ;
;     -- normal mode                          ; 225                 ;
;     -- arithmetic mode                      ; 100                 ;
;                                             ;                     ;
; Total registers                             ; 44                  ;
;     -- Dedicated logic registers            ; 44                  ;
;     -- I/O registers                        ; 0                   ;
;                                             ;                     ;
; I/O pins                                    ; 185                 ;
;                                             ;                     ;
; Embedded Multiplier 9-bit elements          ; 0                   ;
;                                             ;                     ;
; Maximum fan-out node                        ; MAX10_CLK1_50~input ;
; Maximum fan-out                             ; 44                  ;
; Total fan-out                               ; 1256                ;
; Average fan-out                             ; 1.55                ;
+---------------------------------------------+---------------------+


+----------------------------------------------------------------------------------------------------------------------------------------------------------------------------------------------------------------------------------------------------------------------------------------------------------------------------------------------------------------------------------------------------+
; Analysis & Synthesis Resource Utilization by Entity                                                                                                                                                                                                                                                                                                                                                ;
+----------------------------------------------+---------------------+---------------------------+-------------+------------+--------------+---------+-----------+------+--------------+------------+----------------------------------------------------------------------------------------------------------------------------------------------------------+----------------------+--------------+
; Compilation Hierarchy Node                   ; Combinational ALUTs ; Dedicated Logic Registers ; Memory Bits ; UFM Blocks ; DSP Elements ; DSP 9x9 ; DSP 18x18 ; Pins ; Virtual Pins ; ADC blocks ; Full Hierarchy Name                                                                                                                                      ; Entity Name          ; Library Name ;
+----------------------------------------------+---------------------+---------------------------+-------------+------------+--------------+---------+-----------+------+--------------+------------+----------------------------------------------------------------------------------------------------------------------------------------------------------+----------------------+--------------+
; |DE10_LITE_Golden_Top                        ; 325 (0)             ; 44 (0)                    ; 0           ; 0          ; 0            ; 0       ; 0         ; 185  ; 0            ; 0          ; |DE10_LITE_Golden_Top                                                                                                                                    ; DE10_LITE_Golden_Top ; work         ;
;    |timer_top:u1|                            ; 325 (0)             ; 44 (0)                    ; 0           ; 0          ; 0            ; 0       ; 0         ; 0    ; 0            ; 0          ; |DE10_LITE_Golden_Top|timer_top:u1                                                                                                                       ; timer_top            ; work         ;
;       |decodificador:decod_h|                ; 55 (17)             ; 0 (0)                     ; 0           ; 0          ; 0            ; 0       ; 0         ; 0    ; 0            ; 0          ; |DE10_LITE_Golden_Top|timer_top:u1|decodificador:decod_h                                                                                                 ; decodificador        ; work         ;
;          |lpm_divide:Div0|                   ; 17 (0)              ; 0 (0)                     ; 0           ; 0          ; 0            ; 0       ; 0         ; 0    ; 0            ; 0          ; |DE10_LITE_Golden_Top|timer_top:u1|decodificador:decod_h|lpm_divide:Div0                                                                                 ; lpm_divide           ; work         ;
;             |lpm_divide_6sl:auto_generated|  ; 17 (0)              ; 0 (0)                     ; 0           ; 0          ; 0            ; 0       ; 0         ; 0    ; 0            ; 0          ; |DE10_LITE_Golden_Top|timer_top:u1|decodificador:decod_h|lpm_divide:Div0|lpm_divide_6sl:auto_generated                                                   ; lpm_divide_6sl       ; work         ;
;                |sign_div_unsign_8kh:divider| ; 17 (0)              ; 0 (0)                     ; 0           ; 0          ; 0            ; 0       ; 0         ; 0    ; 0            ; 0          ; |DE10_LITE_Golden_Top|timer_top:u1|decodificador:decod_h|lpm_divide:Div0|lpm_divide_6sl:auto_generated|sign_div_unsign_8kh:divider                       ; sign_div_unsign_8kh  ; work         ;
;                   |alt_u_div_qee:divider|    ; 17 (17)             ; 0 (0)                     ; 0           ; 0          ; 0            ; 0       ; 0         ; 0    ; 0            ; 0          ; |DE10_LITE_Golden_Top|timer_top:u1|decodificador:decod_h|lpm_divide:Div0|lpm_divide_6sl:auto_generated|sign_div_unsign_8kh:divider|alt_u_div_qee:divider ; alt_u_div_qee        ; work         ;
;          |lpm_divide:Mod0|                   ; 21 (0)              ; 0 (0)                     ; 0           ; 0          ; 0            ; 0       ; 0         ; 0    ; 0            ; 0          ; |DE10_LITE_Golden_Top|timer_top:u1|decodificador:decod_h|lpm_divide:Mod0                                                                                 ; lpm_divide           ; work         ;
;             |lpm_divide_akl:auto_generated|  ; 21 (0)              ; 0 (0)                     ; 0           ; 0          ; 0            ; 0       ; 0         ; 0    ; 0            ; 0          ; |DE10_LITE_Golden_Top|timer_top:u1|decodificador:decod_h|lpm_divide:Mod0|lpm_divide_akl:auto_generated                                                   ; lpm_divide_akl       ; work         ;
;                |sign_div_unsign_akh:divider| ; 21 (0)              ; 0 (0)                     ; 0           ; 0          ; 0            ; 0       ; 0         ; 0    ; 0            ; 0          ; |DE10_LITE_Golden_Top|timer_top:u1|decodificador:decod_h|lpm_divide:Mod0|lpm_divide_akl:auto_generated|sign_div_unsign_akh:divider                       ; sign_div_unsign_akh  ; work         ;
;                   |alt_u_div_tee:divider|    ; 21 (21)             ; 0 (0)                     ; 0           ; 0          ; 0            ; 0       ; 0         ; 0    ; 0            ; 0          ; |DE10_LITE_Golden_Top|timer_top:u1|decodificador:decod_h|lpm_divide:Mod0|lpm_divide_akl:auto_generated|sign_div_unsign_akh:divider|alt_u_div_tee:divider ; alt_u_div_tee        ; work         ;
;       |decodificador:decod_m|                ; 90 (23)             ; 0 (0)                     ; 0           ; 0          ; 0            ; 0       ; 0         ; 0    ; 0            ; 0          ; |DE10_LITE_Golden_Top|timer_top:u1|decodificador:decod_m                                                                                                 ; decodificador        ; work         ;
;          |lpm_divide:Div0|                   ; 30 (0)              ; 0 (0)                     ; 0           ; 0          ; 0            ; 0       ; 0         ; 0    ; 0            ; 0          ; |DE10_LITE_Golden_Top|timer_top:u1|decodificador:decod_m|lpm_divide:Div0                                                                                 ; lpm_divide           ; work         ;
;             |lpm_divide_7sl:auto_generated|  ; 30 (0)              ; 0 (0)                     ; 0           ; 0          ; 0            ; 0       ; 0         ; 0    ; 0            ; 0          ; |DE10_LITE_Golden_Top|timer_top:u1|decodificador:decod_m|lpm_divide:Div0|lpm_divide_7sl:auto_generated                                                   ; lpm_divide_7sl       ; work         ;
;                |sign_div_unsign_9kh:divider| ; 30 (0)              ; 0 (0)                     ; 0           ; 0          ; 0            ; 0       ; 0         ; 0    ; 0            ; 0          ; |DE10_LITE_Golden_Top|timer_top:u1|decodificador:decod_m|lpm_divide:Div0|lpm_divide_7sl:auto_generated|sign_div_unsign_9kh:divider                       ; sign_div_unsign_9kh  ; work         ;
;                   |alt_u_div_see:divider|    ; 30 (30)             ; 0 (0)                     ; 0           ; 0          ; 0            ; 0       ; 0         ; 0    ; 0            ; 0          ; |DE10_LITE_Golden_Top|timer_top:u1|decodificador:decod_m|lpm_divide:Div0|lpm_divide_7sl:auto_generated|sign_div_unsign_9kh:divider|alt_u_div_see:divider ; alt_u_div_see        ; work         ;
;          |lpm_divide:Mod0|                   ; 37 (0)              ; 0 (0)                     ; 0           ; 0          ; 0            ; 0       ; 0         ; 0    ; 0            ; 0          ; |DE10_LITE_Golden_Top|timer_top:u1|decodificador:decod_m|lpm_divide:Mod0                                                                                 ; lpm_divide           ; work         ;
;             |lpm_divide_ckl:auto_generated|  ; 37 (0)              ; 0 (0)                     ; 0           ; 0          ; 0            ; 0       ; 0         ; 0    ; 0            ; 0          ; |DE10_LITE_Golden_Top|timer_top:u1|decodificador:decod_m|lpm_divide:Mod0|lpm_divide_ckl:auto_generated                                                   ; lpm_divide_ckl       ; work         ;
;                |sign_div_unsign_bkh:divider| ; 37 (0)              ; 0 (0)                     ; 0           ; 0          ; 0            ; 0       ; 0         ; 0    ; 0            ; 0          ; |DE10_LITE_Golden_Top|timer_top:u1|decodificador:decod_m|lpm_divide:Mod0|lpm_divide_ckl:auto_generated|sign_div_unsign_bkh:divider                       ; sign_div_unsign_bkh  ; work         ;
;                   |alt_u_div_0fe:divider|    ; 37 (37)             ; 0 (0)                     ; 0           ; 0          ; 0            ; 0       ; 0         ; 0    ; 0            ; 0          ; |DE10_LITE_Golden_Top|timer_top:u1|decodificador:decod_m|lpm_divide:Mod0|lpm_divide_ckl:auto_generated|sign_div_unsign_bkh:divider|alt_u_div_0fe:divider ; alt_u_div_0fe        ; work         ;
;       |decodificador:decod_s|                ; 90 (23)             ; 0 (0)                     ; 0           ; 0          ; 0            ; 0       ; 0         ; 0    ; 0            ; 0          ; |DE10_LITE_Golden_Top|timer_top:u1|decodificador:decod_s                                                                                                 ; decodificador        ; work         ;
;          |lpm_divide:Div0|                   ; 30 (0)              ; 0 (0)                     ; 0           ; 0          ; 0            ; 0       ; 0         ; 0    ; 0            ; 0          ; |DE10_LITE_Golden_Top|timer_top:u1|decodificador:decod_s|lpm_divide:Div0                                                                                 ; lpm_divide           ; work         ;
;             |lpm_divide_7sl:auto_generated|  ; 30 (0)              ; 0 (0)                     ; 0           ; 0          ; 0            ; 0       ; 0         ; 0    ; 0            ; 0          ; |DE10_LITE_Golden_Top|timer_top:u1|decodificador:decod_s|lpm_divide:Div0|lpm_divide_7sl:auto_generated                                                   ; lpm_divide_7sl       ; work         ;
;                |sign_div_unsign_9kh:divider| ; 30 (0)              ; 0 (0)                     ; 0           ; 0          ; 0            ; 0       ; 0         ; 0    ; 0            ; 0          ; |DE10_LITE_Golden_Top|timer_top:u1|decodificador:decod_s|lpm_divide:Div0|lpm_divide_7sl:auto_generated|sign_div_unsign_9kh:divider                       ; sign_div_unsign_9kh  ; work         ;
;                   |alt_u_div_see:divider|    ; 30 (30)             ; 0 (0)                     ; 0           ; 0          ; 0            ; 0       ; 0         ; 0    ; 0            ; 0          ; |DE10_LITE_Golden_Top|timer_top:u1|decodificador:decod_s|lpm_divide:Div0|lpm_divide_7sl:auto_generated|sign_div_unsign_9kh:divider|alt_u_div_see:divider ; alt_u_div_see        ; work         ;
;          |lpm_divide:Mod0|                   ; 37 (0)              ; 0 (0)                     ; 0           ; 0          ; 0            ; 0       ; 0         ; 0    ; 0            ; 0          ; |DE10_LITE_Golden_Top|timer_top:u1|decodificador:decod_s|lpm_divide:Mod0                                                                                 ; lpm_divide           ; work         ;
;             |lpm_divide_ckl:auto_generated|  ; 37 (0)              ; 0 (0)                     ; 0           ; 0          ; 0            ; 0       ; 0         ; 0    ; 0            ; 0          ; |DE10_LITE_Golden_Top|timer_top:u1|decodificador:decod_s|lpm_divide:Mod0|lpm_divide_ckl:auto_generated                                                   ; lpm_divide_ckl       ; work         ;
;                |sign_div_unsign_bkh:divider| ; 37 (0)              ; 0 (0)                     ; 0           ; 0          ; 0            ; 0       ; 0         ; 0    ; 0            ; 0          ; |DE10_LITE_Golden_Top|timer_top:u1|decodificador:decod_s|lpm_divide:Mod0|lpm_divide_ckl:auto_generated|sign_div_unsign_bkh:divider                       ; sign_div_unsign_bkh  ; work         ;
;                   |alt_u_div_0fe:divider|    ; 37 (37)             ; 0 (0)                     ; 0           ; 0          ; 0            ; 0       ; 0         ; 0    ; 0            ; 0          ; |DE10_LITE_Golden_Top|timer_top:u1|decodificador:decod_s|lpm_divide:Mod0|lpm_divide_ckl:auto_generated|sign_div_unsign_bkh:divider|alt_u_div_0fe:divider ; alt_u_div_0fe        ; work         ;
;       |timer:timer_0|                        ; 90 (90)             ; 44 (44)                   ; 0           ; 0          ; 0            ; 0       ; 0         ; 0    ; 0            ; 0          ; |DE10_LITE_Golden_Top|timer_top:u1|timer:timer_0                                                                                                         ; timer                ; work         ;
+----------------------------------------------+---------------------+---------------------------+-------------+------------+--------------+---------+-----------+------+--------------+------------+----------------------------------------------------------------------------------------------------------------------------------------------------------+----------------------+--------------+
Note: For table entries with two numbers listed, the numbers in parentheses indicate the number of resources of the given type used by the specific entity alone. The numbers listed outside of parentheses indicate the total resources of the given type used by the specific entity and all of its sub-entities in the hierarchy.


+------------------------------------------------------+
; General Register Statistics                          ;
+----------------------------------------------+-------+
; Statistic                                    ; Value ;
+----------------------------------------------+-------+
; Total registers                              ; 44    ;
; Number of registers using Synchronous Clear  ; 0     ;
; Number of registers using Synchronous Load   ; 0     ;
; Number of registers using Asynchronous Clear ; 44    ;
; Number of registers using Asynchronous Load  ; 0     ;
; Number of registers using Clock Enable       ; 0     ;
; Number of registers using Preset             ; 0     ;
+----------------------------------------------+-------+


+--------------------------------------------------------------------------------------------------------------------------------------------------------------------------+
; Multiplexer Restructuring Statistics (Restructuring Performed)                                                                                                           ;
+--------------------+-----------+---------------+----------------------+------------------------+------------+------------------------------------------------------------+
; Multiplexer Inputs ; Bus Width ; Baseline Area ; Area if Restructured ; Saving if Restructured ; Registered ; Example Multiplexer Output                                 ;
+--------------------+-----------+---------------+----------------------+------------------------+------------+------------------------------------------------------------+
; 3:1                ; 6 bits    ; 12 LEs        ; 12 LEs               ; 0 LEs                  ; Yes        ; |DE10_LITE_Golden_Top|timer_top:u1|timer:timer_0|s[5]~reg0 ;
; 3:1                ; 6 bits    ; 12 LEs        ; 12 LEs               ; 0 LEs                  ; Yes        ; |DE10_LITE_Golden_Top|timer_top:u1|timer:timer_0|m[5]~reg0 ;
; 3:1                ; 6 bits    ; 12 LEs        ; 12 LEs               ; 0 LEs                  ; Yes        ; |DE10_LITE_Golden_Top|timer_top:u1|timer:timer_0|h[4]~reg0 ;
+--------------------+-----------+---------------+----------------------+------------------------+------------+------------------------------------------------------------+


+---------------------------------------------------------------------------------+
; Parameter Settings for User Entity Instance: timer_top:u1|decodificador:decod_s ;
+----------------+-------+--------------------------------------------------------+
; Parameter Name ; Value ; Type                                                   ;
+----------------+-------+--------------------------------------------------------+
; maximo         ; 60    ; Signed Integer                                         ;
+----------------+-------+--------------------------------------------------------+
Note: In order to hide this table in the UI and the text report file, please set the "Show Parameter Settings in Synthesis Report" option in "Analysis and Synthesis Settings -> More Settings" to "Off".


+---------------------------------------------------------------------------------+
; Parameter Settings for User Entity Instance: timer_top:u1|decodificador:decod_m ;
+----------------+-------+--------------------------------------------------------+
; Parameter Name ; Value ; Type                                                   ;
+----------------+-------+--------------------------------------------------------+
; maximo         ; 60    ; Signed Integer                                         ;
+----------------+-------+--------------------------------------------------------+
Note: In order to hide this table in the UI and the text report file, please set the "Show Parameter Settings in Synthesis Report" option in "Analysis and Synthesis Settings -> More Settings" to "Off".


+---------------------------------------------------------------------------------+
; Parameter Settings for User Entity Instance: timer_top:u1|decodificador:decod_h ;
+----------------+-------+--------------------------------------------------------+
; Parameter Name ; Value ; Type                                                   ;
+----------------+-------+--------------------------------------------------------+
; maximo         ; 24    ; Signed Integer                                         ;
+----------------+-------+--------------------------------------------------------+
Note: In order to hide this table in the UI and the text report file, please set the "Show Parameter Settings in Synthesis Report" option in "Analysis and Synthesis Settings -> More Settings" to "Off".


+-------------------------------------------------------------------------+
; Parameter Settings for User Entity Instance: timer_top:u1|timer:timer_0 ;
+----------------+----------+---------------------------------------------+
; Parameter Name ; Value    ; Type                                        ;
+----------------+----------+---------------------------------------------+
; clockfreq      ; 50000000 ; Signed Integer                              ;
+----------------+----------+---------------------------------------------+
Note: In order to hide this table in the UI and the text report file, please set the "Show Parameter Settings in Synthesis Report" option in "Analysis and Synthesis Settings -> More Settings" to "Off".


+-----------------------------------------------------------------------------------------------------+
; Parameter Settings for Inferred Entity Instance: timer_top:u1|decodificador:decod_s|lpm_divide:Mod0 ;
+------------------------+----------------+-----------------------------------------------------------+
; Parameter Name         ; Value          ; Type                                                      ;
+------------------------+----------------+-----------------------------------------------------------+
; LPM_WIDTHN             ; 6              ; Untyped                                                   ;
; LPM_WIDTHD             ; 6              ; Untyped                                                   ;
; LPM_NREPRESENTATION    ; UNSIGNED       ; Untyped                                                   ;
; LPM_DREPRESENTATION    ; UNSIGNED       ; Untyped                                                   ;
; LPM_PIPELINE           ; 0              ; Untyped                                                   ;
; LPM_REMAINDERPOSITIVE  ; TRUE           ; Untyped                                                   ;
; MAXIMIZE_SPEED         ; 5              ; Untyped                                                   ;
; CBXI_PARAMETER         ; lpm_divide_ckl ; Untyped                                                   ;
; CARRY_CHAIN            ; MANUAL         ; Untyped                                                   ;
; OPTIMIZE_FOR_SPEED     ; 5              ; Untyped                                                   ;
; AUTO_CARRY_CHAINS      ; ON             ; AUTO_CARRY                                                ;
; IGNORE_CARRY_BUFFERS   ; OFF            ; IGNORE_CARRY                                              ;
; AUTO_CASCADE_CHAINS    ; ON             ; AUTO_CASCADE                                              ;
; IGNORE_CASCADE_BUFFERS ; OFF            ; IGNORE_CASCADE                                            ;
+------------------------+----------------+-----------------------------------------------------------+
Note: In order to hide this table in the UI and the text report file, please set the "Show Parameter Settings in Synthesis Report" option in "Analysis and Synthesis Settings -> More Settings" to "Off".


+-----------------------------------------------------------------------------------------------------+
; Parameter Settings for Inferred Entity Instance: timer_top:u1|decodificador:decod_s|lpm_divide:Div0 ;
+------------------------+----------------+-----------------------------------------------------------+
; Parameter Name         ; Value          ; Type                                                      ;
+------------------------+----------------+-----------------------------------------------------------+
; LPM_WIDTHN             ; 6              ; Untyped                                                   ;
; LPM_WIDTHD             ; 4              ; Untyped                                                   ;
; LPM_NREPRESENTATION    ; UNSIGNED       ; Untyped                                                   ;
; LPM_DREPRESENTATION    ; UNSIGNED       ; Untyped                                                   ;
; LPM_PIPELINE           ; 0              ; Untyped                                                   ;
; LPM_REMAINDERPOSITIVE  ; TRUE           ; Untyped                                                   ;
; MAXIMIZE_SPEED         ; 5              ; Untyped                                                   ;
; CBXI_PARAMETER         ; lpm_divide_7sl ; Untyped                                                   ;
; CARRY_CHAIN            ; MANUAL         ; Untyped                                                   ;
; OPTIMIZE_FOR_SPEED     ; 5              ; Untyped                                                   ;
; AUTO_CARRY_CHAINS      ; ON             ; AUTO_CARRY                                                ;
; IGNORE_CARRY_BUFFERS   ; OFF            ; IGNORE_CARRY                                              ;
; AUTO_CASCADE_CHAINS    ; ON             ; AUTO_CASCADE                                              ;
; IGNORE_CASCADE_BUFFERS ; OFF            ; IGNORE_CASCADE                                            ;
+------------------------+----------------+-----------------------------------------------------------+
Note: In order to hide this table in the UI and the text report file, please set the "Show Parameter Settings in Synthesis Report" option in "Analysis and Synthesis Settings -> More Settings" to "Off".


+-----------------------------------------------------------------------------------------------------+
; Parameter Settings for Inferred Entity Instance: timer_top:u1|decodificador:decod_m|lpm_divide:Mod0 ;
+------------------------+----------------+-----------------------------------------------------------+
; Parameter Name         ; Value          ; Type                                                      ;
+------------------------+----------------+-----------------------------------------------------------+
; LPM_WIDTHN             ; 6              ; Untyped                                                   ;
; LPM_WIDTHD             ; 6              ; Untyped                                                   ;
; LPM_NREPRESENTATION    ; UNSIGNED       ; Untyped                                                   ;
; LPM_DREPRESENTATION    ; UNSIGNED       ; Untyped                                                   ;
; LPM_PIPELINE           ; 0              ; Untyped                                                   ;
; LPM_REMAINDERPOSITIVE  ; TRUE           ; Untyped                                                   ;
; MAXIMIZE_SPEED         ; 5              ; Untyped                                                   ;
; CBXI_PARAMETER         ; lpm_divide_ckl ; Untyped                                                   ;
; CARRY_CHAIN            ; MANUAL         ; Untyped                                                   ;
; OPTIMIZE_FOR_SPEED     ; 5              ; Untyped                                                   ;
; AUTO_CARRY_CHAINS      ; ON             ; AUTO_CARRY                                                ;
; IGNORE_CARRY_BUFFERS   ; OFF            ; IGNORE_CARRY                                              ;
; AUTO_CASCADE_CHAINS    ; ON             ; AUTO_CASCADE                                              ;
; IGNORE_CASCADE_BUFFERS ; OFF            ; IGNORE_CASCADE                                            ;
+------------------------+----------------+-----------------------------------------------------------+
Note: In order to hide this table in the UI and the text report file, please set the "Show Parameter Settings in Synthesis Report" option in "Analysis and Synthesis Settings -> More Settings" to "Off".


+-----------------------------------------------------------------------------------------------------+
; Parameter Settings for Inferred Entity Instance: timer_top:u1|decodificador:decod_m|lpm_divide:Div0 ;
+------------------------+----------------+-----------------------------------------------------------+
; Parameter Name         ; Value          ; Type                                                      ;
+------------------------+----------------+-----------------------------------------------------------+
; LPM_WIDTHN             ; 6              ; Untyped                                                   ;
; LPM_WIDTHD             ; 4              ; Untyped                                                   ;
; LPM_NREPRESENTATION    ; UNSIGNED       ; Untyped                                                   ;
; LPM_DREPRESENTATION    ; UNSIGNED       ; Untyped                                                   ;
; LPM_PIPELINE           ; 0              ; Untyped                                                   ;
; LPM_REMAINDERPOSITIVE  ; TRUE           ; Untyped                                                   ;
; MAXIMIZE_SPEED         ; 5              ; Untyped                                                   ;
; CBXI_PARAMETER         ; lpm_divide_7sl ; Untyped                                                   ;
; CARRY_CHAIN            ; MANUAL         ; Untyped                                                   ;
; OPTIMIZE_FOR_SPEED     ; 5              ; Untyped                                                   ;
; AUTO_CARRY_CHAINS      ; ON             ; AUTO_CARRY                                                ;
; IGNORE_CARRY_BUFFERS   ; OFF            ; IGNORE_CARRY                                              ;
; AUTO_CASCADE_CHAINS    ; ON             ; AUTO_CASCADE                                              ;
; IGNORE_CASCADE_BUFFERS ; OFF            ; IGNORE_CASCADE                                            ;
+------------------------+----------------+-----------------------------------------------------------+
Note: In order to hide this table in the UI and the text report file, please set the "Show Parameter Settings in Synthesis Report" option in "Analysis and Synthesis Settings -> More Settings" to "Off".


+-----------------------------------------------------------------------------------------------------+
; Parameter Settings for Inferred Entity Instance: timer_top:u1|decodificador:decod_h|lpm_divide:Mod0 ;
+------------------------+----------------+-----------------------------------------------------------+
; Parameter Name         ; Value          ; Type                                                      ;
+------------------------+----------------+-----------------------------------------------------------+
; LPM_WIDTHN             ; 5              ; Untyped                                                   ;
; LPM_WIDTHD             ; 5              ; Untyped                                                   ;
; LPM_NREPRESENTATION    ; UNSIGNED       ; Untyped                                                   ;
; LPM_DREPRESENTATION    ; UNSIGNED       ; Untyped                                                   ;
; LPM_PIPELINE           ; 0              ; Untyped                                                   ;
; LPM_REMAINDERPOSITIVE  ; TRUE           ; Untyped                                                   ;
; MAXIMIZE_SPEED         ; 5              ; Untyped                                                   ;
; CBXI_PARAMETER         ; lpm_divide_akl ; Untyped                                                   ;
; CARRY_CHAIN            ; MANUAL         ; Untyped                                                   ;
; OPTIMIZE_FOR_SPEED     ; 5              ; Untyped                                                   ;
; AUTO_CARRY_CHAINS      ; ON             ; AUTO_CARRY                                                ;
; IGNORE_CARRY_BUFFERS   ; OFF            ; IGNORE_CARRY                                              ;
; AUTO_CASCADE_CHAINS    ; ON             ; AUTO_CASCADE                                              ;
; IGNORE_CASCADE_BUFFERS ; OFF            ; IGNORE_CASCADE                                            ;
+------------------------+----------------+-----------------------------------------------------------+
Note: In order to hide this table in the UI and the text report file, please set the "Show Parameter Settings in Synthesis Report" option in "Analysis and Synthesis Settings -> More Settings" to "Off".


+-----------------------------------------------------------------------------------------------------+
; Parameter Settings for Inferred Entity Instance: timer_top:u1|decodificador:decod_h|lpm_divide:Div0 ;
+------------------------+----------------+-----------------------------------------------------------+
; Parameter Name         ; Value          ; Type                                                      ;
+------------------------+----------------+-----------------------------------------------------------+
; LPM_WIDTHN             ; 5              ; Untyped                                                   ;
; LPM_WIDTHD             ; 4              ; Untyped                                                   ;
; LPM_NREPRESENTATION    ; UNSIGNED       ; Untyped                                                   ;
; LPM_DREPRESENTATION    ; UNSIGNED       ; Untyped                                                   ;
; LPM_PIPELINE           ; 0              ; Untyped                                                   ;
; LPM_REMAINDERPOSITIVE  ; TRUE           ; Untyped                                                   ;
; MAXIMIZE_SPEED         ; 5              ; Untyped                                                   ;
; CBXI_PARAMETER         ; lpm_divide_6sl ; Untyped                                                   ;
; CARRY_CHAIN            ; MANUAL         ; Untyped                                                   ;
; OPTIMIZE_FOR_SPEED     ; 5              ; Untyped                                                   ;
; AUTO_CARRY_CHAINS      ; ON             ; AUTO_CARRY                                                ;
; IGNORE_CARRY_BUFFERS   ; OFF            ; IGNORE_CARRY                                              ;
; AUTO_CASCADE_CHAINS    ; ON             ; AUTO_CASCADE                                              ;
; IGNORE_CASCADE_BUFFERS ; OFF            ; IGNORE_CASCADE                                            ;
+------------------------+----------------+-----------------------------------------------------------+
Note: In order to hide this table in the UI and the text report file, please set the "Show Parameter Settings in Synthesis Report" option in "Analysis and Synthesis Settings -> More Settings" to "Off".


+---------------------------------------------------------------------------------------------------------------+
; Port Connectivity Checks: "timer_top:u1|timer:timer_0"                                                        ;
+------+-------+----------+-------------------------------------------------------------------------------------+
; Port ; Type  ; Severity ; Details                                                                             ;
+------+-------+----------+-------------------------------------------------------------------------------------+
; h[5] ; Bidir ; Warning  ; Connected to dangling logic. Logic that only feeds a dangling port will be removed. ;
+------+-------+----------+-------------------------------------------------------------------------------------+


+-----------------------------------------------------+
; Post-Synthesis Netlist Statistics for Top Partition ;
+-----------------------+-----------------------------+
; Type                  ; Count                       ;
+-----------------------+-----------------------------+
; boundary_port         ; 185                         ;
; cycloneiii_ff         ; 44                          ;
;     CLR               ; 44                          ;
; cycloneiii_io_obuf    ; 71                          ;
; cycloneiii_lcell_comb ; 330                         ;
;     arith             ; 100                         ;
;         2 data inputs ; 58                          ;
;         3 data inputs ; 42                          ;
;     normal            ; 230                         ;
;         0 data inputs ; 18                          ;
;         1 data inputs ; 7                           ;
;         2 data inputs ; 111                         ;
;         3 data inputs ; 17                          ;
;         4 data inputs ; 77                          ;
;                       ;                             ;
; Max LUT depth         ; 9.20                        ;
; Average LUT depth     ; 5.75                        ;
+-----------------------+-----------------------------+


+-------------------------------+
; Elapsed Time Per Partition    ;
+----------------+--------------+
; Partition Name ; Elapsed Time ;
+----------------+--------------+
; Top            ; 00:00:01     ;
+----------------+--------------+


+-------------------------------+
; Analysis & Synthesis Messages ;
+-------------------------------+
Info: *******************************************************************
Info: Running Quartus Prime Analysis & Synthesis
    Info: Version 18.1.0 Build 625 09/12/2018 SJ Lite Edition
    Info: Processing started: Sat Oct 15 11:02:45 2022
Info: Command: quartus_map --read_settings_files=on --write_settings_files=off timer -c timer_top
Warning (18236): Number of processors has not been specified which may cause overloading on shared machines.  Set the global assignment NUM_PARALLEL_PROCESSORS in your QSF to an appropriate value for best performance.
Info (20030): Parallel compilation is enabled and will use 16 of the 24 processors detected
Info (12021): Found 2 design units, including 1 entities, in source file timer_top.vhd
    Info (12022): Found design unit 1: timer_top-rtl File: D:/Repos/vhdl_timer/timer_top.vhd Line: 14
    Info (12023): Found entity 1: timer_top File: D:/Repos/vhdl_timer/timer_top.vhd Line: 5
Info (12021): Found 2 design units, including 1 entities, in source file timer_procedimento.vhd
    Info (12022): Found design unit 1: timer_procedimento-rtl File: D:/Repos/vhdl_timer/timer_procedimento.vhd Line: 15
    Info (12023): Found entity 1: timer_procedimento File: D:/Repos/vhdl_timer/timer_procedimento.vhd Line: 6
Info (12021): Found 2 design units, including 1 entities, in source file timer.vhd
    Info (12022): Found design unit 1: timer-rtl File: D:/Repos/vhdl_timer/timer.vhd Line: 15
    Info (12023): Found entity 1: timer File: D:/Repos/vhdl_timer/timer.vhd Line: 6
Info (12021): Found 2 design units, including 1 entities, in source file decodificador.vhd
    Info (12022): Found design unit 1: decodificador-rtl File: D:/Repos/vhdl_timer/decodificador.vhd Line: 14
    Info (12023): Found entity 1: decodificador File: D:/Repos/vhdl_timer/decodificador.vhd Line: 5
Info (12021): Found 1 design units, including 1 entities, in source file de10_lite_golden_top.v
    Info (12023): Found entity 1: DE10_LITE_Golden_Top File: D:/Repos/vhdl_timer/DE10_LITE_Golden_Top.v Line: 29
Info (12127): Elaborating entity "DE10_LITE_Golden_Top" for the top level hierarchy
Warning (10034): Output port "DRAM_ADDR" at DE10_LITE_Golden_Top.v(46) has no driver File: D:/Repos/vhdl_timer/DE10_LITE_Golden_Top.v Line: 46
Warning (10034): Output port "DRAM_BA" at DE10_LITE_Golden_Top.v(47) has no driver File: D:/Repos/vhdl_timer/DE10_LITE_Golden_Top.v Line: 47
Warning (10034): Output port "LEDR" at DE10_LITE_Golden_Top.v(86) has no driver File: D:/Repos/vhdl_timer/DE10_LITE_Golden_Top.v Line: 86
Warning (10034): Output port "VGA_B" at DE10_LITE_Golden_Top.v(96) has no driver File: D:/Repos/vhdl_timer/DE10_LITE_Golden_Top.v Line: 96
Warning (10034): Output port "VGA_G" at DE10_LITE_Golden_Top.v(97) has no driver File: D:/Repos/vhdl_timer/DE10_LITE_Golden_Top.v Line: 97
Warning (10034): Output port "VGA_R" at DE10_LITE_Golden_Top.v(99) has no driver File: D:/Repos/vhdl_timer/DE10_LITE_Golden_Top.v Line: 99
Warning (10034): Output port "DRAM_CAS_N" at DE10_LITE_Golden_Top.v(48) has no driver File: D:/Repos/vhdl_timer/DE10_LITE_Golden_Top.v Line: 48
Warning (10034): Output port "DRAM_CKE" at DE10_LITE_Golden_Top.v(49) has no driver File: D:/Repos/vhdl_timer/DE10_LITE_Golden_Top.v Line: 49
Warning (10034): Output port "DRAM_CLK" at DE10_LITE_Golden_Top.v(50) has no driver File: D:/Repos/vhdl_timer/DE10_LITE_Golden_Top.v Line: 50
Warning (10034): Output port "DRAM_CS_N" at DE10_LITE_Golden_Top.v(51) has no driver File: D:/Repos/vhdl_timer/DE10_LITE_Golden_Top.v Line: 51
Warning (10034): Output port "DRAM_LDQM" at DE10_LITE_Golden_Top.v(53) has no driver File: D:/Repos/vhdl_timer/DE10_LITE_Golden_Top.v Line: 53
Warning (10034): Output port "DRAM_RAS_N" at DE10_LITE_Golden_Top.v(54) has no driver File: D:/Repos/vhdl_timer/DE10_LITE_Golden_Top.v Line: 54
Warning (10034): Output port "DRAM_UDQM" at DE10_LITE_Golden_Top.v(55) has no driver File: D:/Repos/vhdl_timer/DE10_LITE_Golden_Top.v Line: 55
Warning (10034): Output port "DRAM_WE_N" at DE10_LITE_Golden_Top.v(56) has no driver File: D:/Repos/vhdl_timer/DE10_LITE_Golden_Top.v Line: 56
Warning (10034): Output port "VGA_HS" at DE10_LITE_Golden_Top.v(98) has no driver File: D:/Repos/vhdl_timer/DE10_LITE_Golden_Top.v Line: 98
Warning (10034): Output port "VGA_VS" at DE10_LITE_Golden_Top.v(100) has no driver File: D:/Repos/vhdl_timer/DE10_LITE_Golden_Top.v Line: 100
Warning (10034): Output port "GSENSOR_CS_N" at DE10_LITE_Golden_Top.v(105) has no driver File: D:/Repos/vhdl_timer/DE10_LITE_Golden_Top.v Line: 105
Warning (10034): Output port "GSENSOR_SCLK" at DE10_LITE_Golden_Top.v(107) has no driver File: D:/Repos/vhdl_timer/DE10_LITE_Golden_Top.v Line: 107
Info (12128): Elaborating entity "timer_top" for hierarchy "timer_top:u1" File: D:/Repos/vhdl_timer/DE10_LITE_Golden_Top.v Line: 144
Info (12129): Elaborating entity "decodificador" using architecture "A:rtl" for hierarchy "timer_top:u1|decodificador:decod_s" File: D:/Repos/vhdl_timer/timer_top.vhd Line: 18
Info (12129): Elaborating entity "decodificador" using architecture "A:rtl" for hierarchy "timer_top:u1|decodificador:decod_h" File: D:/Repos/vhdl_timer/timer_top.vhd Line: 24
Info (12129): Elaborating entity "timer" using architecture "A:rtl" for hierarchy "timer_top:u1|timer:timer_0" File: D:/Repos/vhdl_timer/timer_top.vhd Line: 28
Info (278001): Inferred 6 megafunctions from design logic
    Info (278004): Inferred divider/modulo megafunction ("lpm_divide") from the following logic: "timer_top:u1|decodificador:decod_s|Mod0" File: D:/Repos/vhdl_timer/decodificador.vhd Line: 44
    Info (278004): Inferred divider/modulo megafunction ("lpm_divide") from the following logic: "timer_top:u1|decodificador:decod_s|Div0" File: D:/Repos/vhdl_timer/decodificador.vhd Line: 43
    Info (278004): Inferred divider/modulo megafunction ("lpm_divide") from the following logic: "timer_top:u1|decodificador:decod_m|Mod0" File: D:/Repos/vhdl_timer/decodificador.vhd Line: 44
    Info (278004): Inferred divider/modulo megafunction ("lpm_divide") from the following logic: "timer_top:u1|decodificador:decod_m|Div0" File: D:/Repos/vhdl_timer/decodificador.vhd Line: 43
    Info (278004): Inferred divider/modulo megafunction ("lpm_divide") from the following logic: "timer_top:u1|decodificador:decod_h|Mod0" File: D:/Repos/vhdl_timer/decodificador.vhd Line: 44
    Info (278004): Inferred divider/modulo megafunction ("lpm_divide") from the following logic: "timer_top:u1|decodificador:decod_h|Div0" File: D:/Repos/vhdl_timer/decodificador.vhd Line: 43
Info (12130): Elaborated megafunction instantiation "timer_top:u1|decodificador:decod_s|lpm_divide:Mod0" File: D:/Repos/vhdl_timer/decodificador.vhd Line: 44
Info (12133): Instantiated megafunction "timer_top:u1|decodificador:decod_s|lpm_divide:Mod0" with the following parameter: File: D:/Repos/vhdl_timer/decodificador.vhd Line: 44
    Info (12134): Parameter "LPM_WIDTHN" = "6"
    Info (12134): Parameter "LPM_WIDTHD" = "6"
    Info (12134): Parameter "LPM_NREPRESENTATION" = "UNSIGNED"
    Info (12134): Parameter "LPM_DREPRESENTATION" = "UNSIGNED"
Info (12021): Found 1 design units, including 1 entities, in source file db/lpm_divide_ckl.tdf
    Info (12023): Found entity 1: lpm_divide_ckl File: D:/Repos/vhdl_timer/db/lpm_divide_ckl.tdf Line: 24
Info (12021): Found 1 design units, including 1 entities, in source file db/sign_div_unsign_bkh.tdf
    Info (12023): Found entity 1: sign_div_unsign_bkh File: D:/Repos/vhdl_timer/db/sign_div_unsign_bkh.tdf Line: 24
Info (12021): Found 1 design units, including 1 entities, in source file db/alt_u_div_0fe.tdf
    Info (12023): Found entity 1: alt_u_div_0fe File: D:/Repos/vhdl_timer/db/alt_u_div_0fe.tdf Line: 26
Info (12021): Found 1 design units, including 1 entities, in source file db/add_sub_t3c.tdf
    Info (12023): Found entity 1: add_sub_t3c File: D:/Repos/vhdl_timer/db/add_sub_t3c.tdf Line: 22
Info (12021): Found 1 design units, including 1 entities, in source file db/add_sub_u3c.tdf
    Info (12023): Found entity 1: add_sub_u3c File: D:/Repos/vhdl_timer/db/add_sub_u3c.tdf Line: 22
Info (12130): Elaborated megafunction instantiation "timer_top:u1|decodificador:decod_s|lpm_divide:Div0" File: D:/Repos/vhdl_timer/decodificador.vhd Line: 43
Info (12133): Instantiated megafunction "timer_top:u1|decodificador:decod_s|lpm_divide:Div0" with the following parameter: File: D:/Repos/vhdl_timer/decodificador.vhd Line: 43
    Info (12134): Parameter "LPM_WIDTHN" = "6"
    Info (12134): Parameter "LPM_WIDTHD" = "4"
    Info (12134): Parameter "LPM_NREPRESENTATION" = "UNSIGNED"
    Info (12134): Parameter "LPM_DREPRESENTATION" = "UNSIGNED"
Info (12021): Found 1 design units, including 1 entities, in source file db/lpm_divide_7sl.tdf
    Info (12023): Found entity 1: lpm_divide_7sl File: D:/Repos/vhdl_timer/db/lpm_divide_7sl.tdf Line: 24
Info (12021): Found 1 design units, including 1 entities, in source file db/sign_div_unsign_9kh.tdf
    Info (12023): Found entity 1: sign_div_unsign_9kh File: D:/Repos/vhdl_timer/db/sign_div_unsign_9kh.tdf Line: 24
Info (12021): Found 1 design units, including 1 entities, in source file db/alt_u_div_see.tdf
    Info (12023): Found entity 1: alt_u_div_see File: D:/Repos/vhdl_timer/db/alt_u_div_see.tdf Line: 26
Info (12130): Elaborated megafunction instantiation "timer_top:u1|decodificador:decod_h|lpm_divide:Mod0" File: D:/Repos/vhdl_timer/decodificador.vhd Line: 44
Info (12133): Instantiated megafunction "timer_top:u1|decodificador:decod_h|lpm_divide:Mod0" with the following parameter: File: D:/Repos/vhdl_timer/decodificador.vhd Line: 44
    Info (12134): Parameter "LPM_WIDTHN" = "5"
    Info (12134): Parameter "LPM_WIDTHD" = "5"
    Info (12134): Parameter "LPM_NREPRESENTATION" = "UNSIGNED"
    Info (12134): Parameter "LPM_DREPRESENTATION" = "UNSIGNED"
Info (12021): Found 1 design units, including 1 entities, in source file db/lpm_divide_akl.tdf
    Info (12023): Found entity 1: lpm_divide_akl File: D:/Repos/vhdl_timer/db/lpm_divide_akl.tdf Line: 24
Info (12021): Found 1 design units, including 1 entities, in source file db/sign_div_unsign_akh.tdf
    Info (12023): Found entity 1: sign_div_unsign_akh File: D:/Repos/vhdl_timer/db/sign_div_unsign_akh.tdf Line: 24
Info (12021): Found 1 design units, including 1 entities, in source file db/alt_u_div_tee.tdf
    Info (12023): Found entity 1: alt_u_div_tee File: D:/Repos/vhdl_timer/db/alt_u_div_tee.tdf Line: 26
Info (12130): Elaborated megafunction instantiation "timer_top:u1|decodificador:decod_h|lpm_divide:Div0" File: D:/Repos/vhdl_timer/decodificador.vhd Line: 43
Info (12133): Instantiated megafunction "timer_top:u1|decodificador:decod_h|lpm_divide:Div0" with the following parameter: File: D:/Repos/vhdl_timer/decodificador.vhd Line: 43
    Info (12134): Parameter "LPM_WIDTHN" = "5"
    Info (12134): Parameter "LPM_WIDTHD" = "4"
    Info (12134): Parameter "LPM_NREPRESENTATION" = "UNSIGNED"
    Info (12134): Parameter "LPM_DREPRESENTATION" = "UNSIGNED"
Info (12021): Found 1 design units, including 1 entities, in source file db/lpm_divide_6sl.tdf
    Info (12023): Found entity 1: lpm_divide_6sl File: D:/Repos/vhdl_timer/db/lpm_divide_6sl.tdf Line: 24
Info (12021): Found 1 design units, including 1 entities, in source file db/sign_div_unsign_8kh.tdf
    Info (12023): Found entity 1: sign_div_unsign_8kh File: D:/Repos/vhdl_timer/db/sign_div_unsign_8kh.tdf Line: 24
Info (12021): Found 1 design units, including 1 entities, in source file db/alt_u_div_qee.tdf
    Info (12023): Found entity 1: alt_u_div_qee File: D:/Repos/vhdl_timer/db/alt_u_div_qee.tdf Line: 26
Warning (12241): 1 hierarchies have connectivity warnings - see the Connectivity Checks report folder
Warning (13039): The following bidirectional pins have no drivers
    Warning (13040): bidirectional pin "DRAM_DQ[0]" has no driver File: D:/Repos/vhdl_timer/DE10_LITE_Golden_Top.v Line: 52
    Warning (13040): bidirectional pin "DRAM_DQ[1]" has no driver File: D:/Repos/vhdl_timer/DE10_LITE_Golden_Top.v Line: 52
    Warning (13040): bidirectional pin "DRAM_DQ[2]" has no driver File: D:/Repos/vhdl_timer/DE10_LITE_Golden_Top.v Line: 52
    Warning (13040): bidirectional pin "DRAM_DQ[3]" has no driver File: D:/Repos/vhdl_timer/DE10_LITE_Golden_Top.v Line: 52
    Warning (13040): bidirectional pin "DRAM_DQ[4]" has no driver File: D:/Repos/vhdl_timer/DE10_LITE_Golden_Top.v Line: 52
    Warning (13040): bidirectional pin "DRAM_DQ[5]" has no driver File: D:/Repos/vhdl_timer/DE10_LITE_Golden_Top.v Line: 52
    Warning (13040): bidirectional pin "DRAM_DQ[6]" has no driver File: D:/Repos/vhdl_timer/DE10_LITE_Golden_Top.v Line: 52
    Warning (13040): bidirectional pin "DRAM_DQ[7]" has no driver File: D:/Repos/vhdl_timer/DE10_LITE_Golden_Top.v Line: 52
    Warning (13040): bidirectional pin "DRAM_DQ[8]" has no driver File: D:/Repos/vhdl_timer/DE10_LITE_Golden_Top.v Line: 52
    Warning (13040): bidirectional pin "DRAM_DQ[9]" has no driver File: D:/Repos/vhdl_timer/DE10_LITE_Golden_Top.v Line: 52
    Warning (13040): bidirectional pin "DRAM_DQ[10]" has no driver File: D:/Repos/vhdl_timer/DE10_LITE_Golden_Top.v Line: 52
    Warning (13040): bidirectional pin "DRAM_DQ[11]" has no driver File: D:/Repos/vhdl_timer/DE10_LITE_Golden_Top.v Line: 52
    Warning (13040): bidirectional pin "DRAM_DQ[12]" has no driver File: D:/Repos/vhdl_timer/DE10_LITE_Golden_Top.v Line: 52
    Warning (13040): bidirectional pin "DRAM_DQ[13]" has no driver File: D:/Repos/vhdl_timer/DE10_LITE_Golden_Top.v Line: 52
    Warning (13040): bidirectional pin "DRAM_DQ[14]" has no driver File: D:/Repos/vhdl_timer/DE10_LITE_Golden_Top.v Line: 52
    Warning (13040): bidirectional pin "DRAM_DQ[15]" has no driver File: D:/Repos/vhdl_timer/DE10_LITE_Golden_Top.v Line: 52
    Warning (13040): bidirectional pin "GSENSOR_SDI" has no driver File: D:/Repos/vhdl_timer/DE10_LITE_Golden_Top.v Line: 108
    Warning (13040): bidirectional pin "GSENSOR_SDO" has no driver File: D:/Repos/vhdl_timer/DE10_LITE_Golden_Top.v Line: 109
    Warning (13040): bidirectional pin "ARDUINO_IO[0]" has no driver File: D:/Repos/vhdl_timer/DE10_LITE_Golden_Top.v Line: 114
    Warning (13040): bidirectional pin "ARDUINO_IO[1]" has no driver File: D:/Repos/vhdl_timer/DE10_LITE_Golden_Top.v Line: 114
    Warning (13040): bidirectional pin "ARDUINO_IO[2]" has no driver File: D:/Repos/vhdl_timer/DE10_LITE_Golden_Top.v Line: 114
    Warning (13040): bidirectional pin "ARDUINO_IO[3]" has no driver File: D:/Repos/vhdl_timer/DE10_LITE_Golden_Top.v Line: 114
    Warning (13040): bidirectional pin "ARDUINO_IO[4]" has no driver File: D:/Repos/vhdl_timer/DE10_LITE_Golden_Top.v Line: 114
    Warning (13040): bidirectional pin "ARDUINO_IO[5]" has no driver File: D:/Repos/vhdl_timer/DE10_LITE_Golden_Top.v Line: 114
    Warning (13040): bidirectional pin "ARDUINO_IO[6]" has no driver File: D:/Repos/vhdl_timer/DE10_LITE_Golden_Top.v Line: 114
    Warning (13040): bidirectional pin "ARDUINO_IO[7]" has no driver File: D:/Repos/vhdl_timer/DE10_LITE_Golden_Top.v Line: 114
    Warning (13040): bidirectional pin "ARDUINO_IO[8]" has no driver File: D:/Repos/vhdl_timer/DE10_LITE_Golden_Top.v Line: 114
    Warning (13040): bidirectional pin "ARDUINO_IO[9]" has no driver File: D:/Repos/vhdl_timer/DE10_LITE_Golden_Top.v Line: 114
    Warning (13040): bidirectional pin "ARDUINO_IO[10]" has no driver File: D:/Repos/vhdl_timer/DE10_LITE_Golden_Top.v Line: 114
    Warning (13040): bidirectional pin "ARDUINO_IO[11]" has no driver File: D:/Repos/vhdl_timer/DE10_LITE_Golden_Top.v Line: 114
    Warning (13040): bidirectional pin "ARDUINO_IO[12]" has no driver File: D:/Repos/vhdl_timer/DE10_LITE_Golden_Top.v Line: 114
    Warning (13040): bidirectional pin "ARDUINO_IO[13]" has no driver File: D:/Repos/vhdl_timer/DE10_LITE_Golden_Top.v Line: 114
    Warning (13040): bidirectional pin "ARDUINO_IO[14]" has no driver File: D:/Repos/vhdl_timer/DE10_LITE_Golden_Top.v Line: 114
    Warning (13040): bidirectional pin "ARDUINO_IO[15]" has no driver File: D:/Repos/vhdl_timer/DE10_LITE_Golden_Top.v Line: 114
    Warning (13040): bidirectional pin "ARDUINO_RESET_N" has no driver File: D:/Repos/vhdl_timer/DE10_LITE_Golden_Top.v Line: 115
    Warning (13040): bidirectional pin "GPIO[0]" has no driver File: D:/Repos/vhdl_timer/DE10_LITE_Golden_Top.v Line: 122
    Warning (13040): bidirectional pin "GPIO[1]" has no driver File: D:/Repos/vhdl_timer/DE10_LITE_Golden_Top.v Line: 122
    Warning (13040): bidirectional pin "GPIO[2]" has no driver File: D:/Repos/vhdl_timer/DE10_LITE_Golden_Top.v Line: 122
    Warning (13040): bidirectional pin "GPIO[3]" has no driver File: D:/Repos/vhdl_timer/DE10_LITE_Golden_Top.v Line: 122
    Warning (13040): bidirectional pin "GPIO[4]" has no driver File: D:/Repos/vhdl_timer/DE10_LITE_Golden_Top.v Line: 122
    Warning (13040): bidirectional pin "GPIO[5]" has no driver File: D:/Repos/vhdl_timer/DE10_LITE_Golden_Top.v Line: 122
    Warning (13040): bidirectional pin "GPIO[6]" has no driver File: D:/Repos/vhdl_timer/DE10_LITE_Golden_Top.v Line: 122
    Warning (13040): bidirectional pin "GPIO[7]" has no driver File: D:/Repos/vhdl_timer/DE10_LITE_Golden_Top.v Line: 122
    Warning (13040): bidirectional pin "GPIO[8]" has no driver File: D:/Repos/vhdl_timer/DE10_LITE_Golden_Top.v Line: 122
    Warning (13040): bidirectional pin "GPIO[9]" has no driver File: D:/Repos/vhdl_timer/DE10_LITE_Golden_Top.v Line: 122
    Warning (13040): bidirectional pin "GPIO[10]" has no driver File: D:/Repos/vhdl_timer/DE10_LITE_Golden_Top.v Line: 122
    Warning (13040): bidirectional pin "GPIO[11]" has no driver File: D:/Repos/vhdl_timer/DE10_LITE_Golden_Top.v Line: 122
    Warning (13040): bidirectional pin "GPIO[12]" has no driver File: D:/Repos/vhdl_timer/DE10_LITE_Golden_Top.v Line: 122
    Warning (13040): bidirectional pin "GPIO[13]" has no driver File: D:/Repos/vhdl_timer/DE10_LITE_Golden_Top.v Line: 122
    Warning (13040): bidirectional pin "GPIO[14]" has no driver File: D:/Repos/vhdl_timer/DE10_LITE_Golden_Top.v Line: 122
    Warning (13040): bidirectional pin "GPIO[15]" has no driver File: D:/Repos/vhdl_timer/DE10_LITE_Golden_Top.v Line: 122
    Warning (13040): bidirectional pin "GPIO[16]" has no driver File: D:/Repos/vhdl_timer/DE10_LITE_Golden_Top.v Line: 122
    Warning (13040): bidirectional pin "GPIO[17]" has no driver File: D:/Repos/vhdl_timer/DE10_LITE_Golden_Top.v Line: 122
    Warning (13040): bidirectional pin "GPIO[18]" has no driver File: D:/Repos/vhdl_timer/DE10_LITE_Golden_Top.v Line: 122
    Warning (13040): bidirectional pin "GPIO[19]" has no driver File: D:/Repos/vhdl_timer/DE10_LITE_Golden_Top.v Line: 122
    Warning (13040): bidirectional pin "GPIO[20]" has no driver File: D:/Repos/vhdl_timer/DE10_LITE_Golden_Top.v Line: 122
    Warning (13040): bidirectional pin "GPIO[21]" has no driver File: D:/Repos/vhdl_timer/DE10_LITE_Golden_Top.v Line: 122
    Warning (13040): bidirectional pin "GPIO[22]" has no driver File: D:/Repos/vhdl_timer/DE10_LITE_Golden_Top.v Line: 122
    Warning (13040): bidirectional pin "GPIO[23]" has no driver File: D:/Repos/vhdl_timer/DE10_LITE_Golden_Top.v Line: 122
    Warning (13040): bidirectional pin "GPIO[24]" has no driver File: D:/Repos/vhdl_timer/DE10_LITE_Golden_Top.v Line: 122
    Warning (13040): bidirectional pin "GPIO[25]" has no driver File: D:/Repos/vhdl_timer/DE10_LITE_Golden_Top.v Line: 122
    Warning (13040): bidirectional pin "GPIO[26]" has no driver File: D:/Repos/vhdl_timer/DE10_LITE_Golden_Top.v Line: 122
    Warning (13040): bidirectional pin "GPIO[27]" has no driver File: D:/Repos/vhdl_timer/DE10_LITE_Golden_Top.v Line: 122
    Warning (13040): bidirectional pin "GPIO[28]" has no driver File: D:/Repos/vhdl_timer/DE10_LITE_Golden_Top.v Line: 122
    Warning (13040): bidirectional pin "GPIO[29]" has no driver File: D:/Repos/vhdl_timer/DE10_LITE_Golden_Top.v Line: 122
    Warning (13040): bidirectional pin "GPIO[30]" has no driver File: D:/Repos/vhdl_timer/DE10_LITE_Golden_Top.v Line: 122
    Warning (13040): bidirectional pin "GPIO[31]" has no driver File: D:/Repos/vhdl_timer/DE10_LITE_Golden_Top.v Line: 122
    Warning (13040): bidirectional pin "GPIO[32]" has no driver File: D:/Repos/vhdl_timer/DE10_LITE_Golden_Top.v Line: 122
    Warning (13040): bidirectional pin "GPIO[33]" has no driver File: D:/Repos/vhdl_timer/DE10_LITE_Golden_Top.v Line: 122
    Warning (13040): bidirectional pin "GPIO[34]" has no driver File: D:/Repos/vhdl_timer/DE10_LITE_Golden_Top.v Line: 122
    Warning (13040): bidirectional pin "GPIO[35]" has no driver File: D:/Repos/vhdl_timer/DE10_LITE_Golden_Top.v Line: 122
Warning (13024): Output pins are stuck at VCC or GND
    Warning (13410): Pin "DRAM_ADDR[0]" is stuck at GND File: D:/Repos/vhdl_timer/DE10_LITE_Golden_Top.v Line: 46
    Warning (13410): Pin "DRAM_ADDR[1]" is stuck at GND File: D:/Repos/vhdl_timer/DE10_LITE_Golden_Top.v Line: 46
    Warning (13410): Pin "DRAM_ADDR[2]" is stuck at GND File: D:/Repos/vhdl_timer/DE10_LITE_Golden_Top.v Line: 46
    Warning (13410): Pin "DRAM_ADDR[3]" is stuck at GND File: D:/Repos/vhdl_timer/DE10_LITE_Golden_Top.v Line: 46
    Warning (13410): Pin "DRAM_ADDR[4]" is stuck at GND File: D:/Repos/vhdl_timer/DE10_LITE_Golden_Top.v Line: 46
    Warning (13410): Pin "DRAM_ADDR[5]" is stuck at GND File: D:/Repos/vhdl_timer/DE10_LITE_Golden_Top.v Line: 46
    Warning (13410): Pin "DRAM_ADDR[6]" is stuck at GND File: D:/Repos/vhdl_timer/DE10_LITE_Golden_Top.v Line: 46
    Warning (13410): Pin "DRAM_ADDR[7]" is stuck at GND File: D:/Repos/vhdl_timer/DE10_LITE_Golden_Top.v Line: 46
    Warning (13410): Pin "DRAM_ADDR[8]" is stuck at GND File: D:/Repos/vhdl_timer/DE10_LITE_Golden_Top.v Line: 46
    Warning (13410): Pin "DRAM_ADDR[9]" is stuck at GND File: D:/Repos/vhdl_timer/DE10_LITE_Golden_Top.v Line: 46
    Warning (13410): Pin "DRAM_ADDR[10]" is stuck at GND File: D:/Repos/vhdl_timer/DE10_LITE_Golden_Top.v Line: 46
    Warning (13410): Pin "DRAM_ADDR[11]" is stuck at GND File: D:/Repos/vhdl_timer/DE10_LITE_Golden_Top.v Line: 46
    Warning (13410): Pin "DRAM_ADDR[12]" is stuck at GND File: D:/Repos/vhdl_timer/DE10_LITE_Golden_Top.v Line: 46
    Warning (13410): Pin "DRAM_BA[0]" is stuck at GND File: D:/Repos/vhdl_timer/DE10_LITE_Golden_Top.v Line: 47
    Warning (13410): Pin "DRAM_BA[1]" is stuck at GND File: D:/Repos/vhdl_timer/DE10_LITE_Golden_Top.v Line: 47
    Warning (13410): Pin "DRAM_CAS_N" is stuck at GND File: D:/Repos/vhdl_timer/DE10_LITE_Golden_Top.v Line: 48
    Warning (13410): Pin "DRAM_CKE" is stuck at GND File: D:/Repos/vhdl_timer/DE10_LITE_Golden_Top.v Line: 49
    Warning (13410): Pin "DRAM_CLK" is stuck at GND File: D:/Repos/vhdl_timer/DE10_LITE_Golden_Top.v Line: 50
    Warning (13410): Pin "DRAM_CS_N" is stuck at GND File: D:/Repos/vhdl_timer/DE10_LITE_Golden_Top.v Line: 51
    Warning (13410): Pin "DRAM_LDQM" is stuck at GND File: D:/Repos/vhdl_timer/DE10_LITE_Golden_Top.v Line: 53
    Warning (13410): Pin "DRAM_RAS_N" is stuck at GND File: D:/Repos/vhdl_timer/DE10_LITE_Golden_Top.v Line: 54
    Warning (13410): Pin "DRAM_UDQM" is stuck at GND File: D:/Repos/vhdl_timer/DE10_LITE_Golden_Top.v Line: 55
    Warning (13410): Pin "DRAM_WE_N" is stuck at GND File: D:/Repos/vhdl_timer/DE10_LITE_Golden_Top.v Line: 56
    Warning (13410): Pin "HEX0[7]" is stuck at VCC File: D:/Repos/vhdl_timer/DE10_LITE_Golden_Top.v Line: 61
    Warning (13410): Pin "HEX1[7]" is stuck at VCC File: D:/Repos/vhdl_timer/DE10_LITE_Golden_Top.v Line: 64
    Warning (13410): Pin "HEX2[7]" is stuck at VCC File: D:/Repos/vhdl_timer/DE10_LITE_Golden_Top.v Line: 67
    Warning (13410): Pin "HEX3[7]" is stuck at VCC File: D:/Repos/vhdl_timer/DE10_LITE_Golden_Top.v Line: 70
    Warning (13410): Pin "HEX4[7]" is stuck at VCC File: D:/Repos/vhdl_timer/DE10_LITE_Golden_Top.v Line: 73
    Warning (13410): Pin "HEX5[7]" is stuck at VCC File: D:/Repos/vhdl_timer/DE10_LITE_Golden_Top.v Line: 76
    Warning (13410): Pin "HEX5[1]" is stuck at GND File: D:/Repos/vhdl_timer/DE10_LITE_Golden_Top.v Line: 76
    Warning (13410): Pin "LEDR[0]" is stuck at GND File: D:/Repos/vhdl_timer/DE10_LITE_Golden_Top.v Line: 86
    Warning (13410): Pin "LEDR[1]" is stuck at GND File: D:/Repos/vhdl_timer/DE10_LITE_Golden_Top.v Line: 86
    Warning (13410): Pin "LEDR[2]" is stuck at GND File: D:/Repos/vhdl_timer/DE10_LITE_Golden_Top.v Line: 86
    Warning (13410): Pin "LEDR[3]" is stuck at GND File: D:/Repos/vhdl_timer/DE10_LITE_Golden_Top.v Line: 86
    Warning (13410): Pin "LEDR[4]" is stuck at GND File: D:/Repos/vhdl_timer/DE10_LITE_Golden_Top.v Line: 86
    Warning (13410): Pin "LEDR[5]" is stuck at GND File: D:/Repos/vhdl_timer/DE10_LITE_Golden_Top.v Line: 86
    Warning (13410): Pin "LEDR[6]" is stuck at GND File: D:/Repos/vhdl_timer/DE10_LITE_Golden_Top.v Line: 86
    Warning (13410): Pin "LEDR[7]" is stuck at GND File: D:/Repos/vhdl_timer/DE10_LITE_Golden_Top.v Line: 86
    Warning (13410): Pin "LEDR[8]" is stuck at GND File: D:/Repos/vhdl_timer/DE10_LITE_Golden_Top.v Line: 86
    Warning (13410): Pin "LEDR[9]" is stuck at GND File: D:/Repos/vhdl_timer/DE10_LITE_Golden_Top.v Line: 86
    Warning (13410): Pin "VGA_B[0]" is stuck at GND File: D:/Repos/vhdl_timer/DE10_LITE_Golden_Top.v Line: 96
    Warning (13410): Pin "VGA_B[1]" is stuck at GND File: D:/Repos/vhdl_timer/DE10_LITE_Golden_Top.v Line: 96
    Warning (13410): Pin "VGA_B[2]" is stuck at GND File: D:/Repos/vhdl_timer/DE10_LITE_Golden_Top.v Line: 96
    Warning (13410): Pin "VGA_B[3]" is stuck at GND File: D:/Repos/vhdl_timer/DE10_LITE_Golden_Top.v Line: 96
    Warning (13410): Pin "VGA_G[0]" is stuck at GND File: D:/Repos/vhdl_timer/DE10_LITE_Golden_Top.v Line: 97
    Warning (13410): Pin "VGA_G[1]" is stuck at GND File: D:/Repos/vhdl_timer/DE10_LITE_Golden_Top.v Line: 97
    Warning (13410): Pin "VGA_G[2]" is stuck at GND File: D:/Repos/vhdl_timer/DE10_LITE_Golden_Top.v Line: 97
    Warning (13410): Pin "VGA_G[3]" is stuck at GND File: D:/Repos/vhdl_timer/DE10_LITE_Golden_Top.v Line: 97
    Warning (13410): Pin "VGA_HS" is stuck at GND File: D:/Repos/vhdl_timer/DE10_LITE_Golden_Top.v Line: 98
    Warning (13410): Pin "VGA_R[0]" is stuck at GND File: D:/Repos/vhdl_timer/DE10_LITE_Golden_Top.v Line: 99
    Warning (13410): Pin "VGA_R[1]" is stuck at GND File: D:/Repos/vhdl_timer/DE10_LITE_Golden_Top.v Line: 99
    Warning (13410): Pin "VGA_R[2]" is stuck at GND File: D:/Repos/vhdl_timer/DE10_LITE_Golden_Top.v Line: 99
    Warning (13410): Pin "VGA_R[3]" is stuck at GND File: D:/Repos/vhdl_timer/DE10_LITE_Golden_Top.v Line: 99
    Warning (13410): Pin "VGA_VS" is stuck at GND File: D:/Repos/vhdl_timer/DE10_LITE_Golden_Top.v Line: 100
    Warning (13410): Pin "GSENSOR_CS_N" is stuck at GND File: D:/Repos/vhdl_timer/DE10_LITE_Golden_Top.v Line: 105
    Warning (13410): Pin "GSENSOR_SCLK" is stuck at GND File: D:/Repos/vhdl_timer/DE10_LITE_Golden_Top.v Line: 107
Info (286030): Timing-Driven Synthesis is running
Info (16010): Generating hard_block partition "hard_block:auto_generated_inst"
    Info (16011): Adding 0 node(s), including 0 DDIO, 0 PLL, 0 transceiver and 0 LCELL
Warning (21074): Design contains 15 input pin(s) that do not drive logic
    Warning (15610): No output dependent on input pin "ADC_CLK_10" File: D:/Repos/vhdl_timer/DE10_LITE_Golden_Top.v Line: 33
    Warning (15610): No output dependent on input pin "MAX10_CLK2_50" File: D:/Repos/vhdl_timer/DE10_LITE_Golden_Top.v Line: 41
    Warning (15610): No output dependent on input pin "KEY[1]" File: D:/Repos/vhdl_timer/DE10_LITE_Golden_Top.v Line: 81
    Warning (15610): No output dependent on input pin "SW[0]" File: D:/Repos/vhdl_timer/DE10_LITE_Golden_Top.v Line: 91
    Warning (15610): No output dependent on input pin "SW[1]" File: D:/Repos/vhdl_timer/DE10_LITE_Golden_Top.v Line: 91
    Warning (15610): No output dependent on input pin "SW[2]" File: D:/Repos/vhdl_timer/DE10_LITE_Golden_Top.v Line: 91
    Warning (15610): No output dependent on input pin "SW[3]" File: D:/Repos/vhdl_timer/DE10_LITE_Golden_Top.v Line: 91
    Warning (15610): No output dependent on input pin "SW[4]" File: D:/Repos/vhdl_timer/DE10_LITE_Golden_Top.v Line: 91
    Warning (15610): No output dependent on input pin "SW[5]" File: D:/Repos/vhdl_timer/DE10_LITE_Golden_Top.v Line: 91
    Warning (15610): No output dependent on input pin "SW[6]" File: D:/Repos/vhdl_timer/DE10_LITE_Golden_Top.v Line: 91
    Warning (15610): No output dependent on input pin "SW[7]" File: D:/Repos/vhdl_timer/DE10_LITE_Golden_Top.v Line: 91
    Warning (15610): No output dependent on input pin "SW[8]" File: D:/Repos/vhdl_timer/DE10_LITE_Golden_Top.v Line: 91
    Warning (15610): No output dependent on input pin "SW[9]" File: D:/Repos/vhdl_timer/DE10_LITE_Golden_Top.v Line: 91
    Warning (15610): No output dependent on input pin "GSENSOR_INT[1]" File: D:/Repos/vhdl_timer/DE10_LITE_Golden_Top.v Line: 106
    Warning (15610): No output dependent on input pin "GSENSOR_INT[2]" File: D:/Repos/vhdl_timer/DE10_LITE_Golden_Top.v Line: 106
Info (21057): Implemented 510 device resources after synthesis - the final resource count might be different
    Info (21058): Implemented 17 input pins
    Info (21059): Implemented 97 output pins
    Info (21060): Implemented 71 bidirectional pins
    Info (21061): Implemented 325 logic cells
Info: Quartus Prime Analysis & Synthesis was successful. 0 errors, 165 warnings
    Info: Peak virtual memory: 4880 megabytes
    Info: Processing ended: Sat Oct 15 11:02:53 2022
    Info: Elapsed time: 00:00:08
    Info: Total CPU time (on all processors): 00:00:15


